#
# There is insufficient memory for the Java Runtime Environment to continue.
# Native memory allocation (malloc) failed to allocate 1048576 bytes. Error detail: AllocateHeap
# Possible reasons:
#   The system is out of physical RAM or swap space
#   This process is running with CompressedOops enabled, and the Java Heap may be blocking the growth of the native heap
# Possible solutions:
#   Reduce memory load on the system
#   Increase physical memory or swap space
#   Check if swap backing store is full
#   Decrease Java heap size (-Xmx/-Xms)
#   Decrease number of Java threads
#   Decrease Java thread stack sizes (-Xss)
#   Set larger code cache with -XX:ReservedCodeCacheSize=
#   JVM is running with Unscaled Compressed Oops mode in which the Java heap is
#     placed in the first 4GB address space. The Java Heap base address is the
#     maximum limit for the native heap growth. Please use -XX:HeapBaseMinAddress
#     to set the Java Heap base and to place the Java Heap above 4GB virtual address.
# This output file may be truncated or incomplete.
#
#  Out of Memory Error (allocation.cpp:44), pid=7112, tid=7276
#
# JRE version: OpenJDK Runtime Environment Temurin-21.0.10+7 (21.0.10+7) (build 21.0.10+7-LTS)
# Java VM: OpenJDK 64-Bit Server VM Temurin-21.0.10+7 (21.0.10+7-LTS, mixed mode, sharing, tiered, compressed oops, compressed class ptrs, parallel gc, windows-amd64)
# No core dump will be written. Minidumps are not enabled by default on client versions of Windows
#

---------------  S U M M A R Y ------------

Command Line: --add-modules=ALL-SYSTEM --add-opens=java.base/java.util=ALL-UNNAMED --add-opens=java.base/java.lang=ALL-UNNAMED --add-opens=java.base/sun.nio.fs=ALL-UNNAMED -Declipse.application=org.eclipse.jdt.ls.core.id1 -Dosgi.bundles.defaultStartLevel=4 -Declipse.product=org.eclipse.jdt.ls.core.product -Djava.import.generatesMetadataFilesAtProjectRoot=false -DDetectVMInstallationsJob.disabled=true -Dfile.encoding=utf8 -XX:+UseParallelGC -XX:GCTimeRatio=4 -XX:AdaptiveSizePolicyWeight=90 -Dsun.zip.disableMemoryMapping=true -Xmx2G -Xms100m -Xlog:disable -javaagent:c:\Users\Admin\.vscode\extensions\redhat.java-1.54.0-win32-x64\lombok\lombok-1.18.39-4050.jar -XX:+HeapDumpOnOutOfMemoryError -XX:HeapDumpPath=c:\Users\Admin\AppData\Roaming\Code\User\workspaceStorage\eacdcd821caa3b7afe78b9214c909d48\redhat.java -Daether.dependencyCollector.impl=bf c:\Users\Admin\.vscode\extensions\redhat.java-1.54.0-win32-x64\server\plugins\org.eclipse.equinox.launcher_1.7.100.v20251111-0406.jar -configuration c:\Users\Admin\AppData\Roaming\Code\User\globalStorage\redhat.java\1.54.0\config_win -data c:\Users\Admin\AppData\Roaming\Code\User\workspaceStorage\eacdcd821caa3b7afe78b9214c909d48\redhat.java\jdt_ws --pipe=\\.\pipe\lsp-6217b67c5f4ded3d3e07211160f5f943-sock

Host: Intel(R) Celeron(R) N4000 CPU @ 1.10GHz, 2 cores, 5G,  Windows 11 , 64 bit Build 26100 (10.0.26100.5074)
Time: Mon Jun 22 01:38:05 2026 SE Asia Standard Time elapsed time: 21022.040790 seconds (0d 5h 50m 22s)

---------------  T H R E A D  ---------------

Current thread (0x000002573c4c1440):  JavaThread "Attach Listener" daemon [_thread_in_vm, id=7276, stack(0x0000005b1ac00000,0x0000005b1ad00000) (1024K)]

Stack: [0x0000005b1ac00000,0x0000005b1ad00000]
Native frames: (J=compiled Java code, j=interpreted, Vv=VM code, C=native code)
V  [jvm.dll+0x6d7a39]
V  [jvm.dll+0x8b4b26]
V  [jvm.dll+0x8b70de]
V  [jvm.dll+0x8b77c3]
V  [jvm.dll+0x284346]
V  [jvm.dll+0xc1277]
V  [jvm.dll+0x6d82e9]
V  [jvm.dll+0x1334a6]
V  [jvm.dll+0x3f857e]
V  [jvm.dll+0x85f59d]
V  [jvm.dll+0x6d626d]
C  [ucrtbase.dll+0x37b0]
C  [KERNEL32.DLL+0x2e8d7]
C  [ntdll.dll+0x8d9c]


---------------  P R O C E S S  ---------------

Threads class SMR info:
_java_thread_list=0x000002577eda0270, length=35, elements={
0x0000025725b13a10, 0x0000025725bc9bc0, 0x0000025725bcd050, 0x000002573c4c0720,
0x000002573c4c1440, 0x000002573c4bece0, 0x000002573c4bfa00, 0x000002573c4c8540,
0x000002573c53f730, 0x000002573c4c0090, 0x000002573c4bf370, 0x000002573c4bdfc0,
0x000002573c4c0db0, 0x000002573c4be650, 0x000002573ce2fd30, 0x000002573ce2e2f0,
0x000002573ce303c0, 0x000002573ce30a50, 0x000002573ce2dc60, 0x000002573ce2e980,
0x000002573ce33840, 0x000002573ce34560, 0x000002573ce33ed0, 0x000002573ce34bf0,
0x000002573ce32b20, 0x000002573ce31770, 0x0000025705d7b5f0, 0x0000025705d79bb0,
0x0000025705d7a8d0, 0x0000025705d7a240, 0x0000025705d7fe20, 0x0000025705d804b0,
0x0000025705d7f100, 0x0000025705d7e3e0, 0x0000025705d7d030
}

Java Threads: ( => current thread )
  0x0000025725b13a10 JavaThread "main"                              [_thread_blocked, id=7424, stack(0x0000005b1a500000,0x0000005b1a600000) (1024K)]
  0x0000025725bc9bc0 JavaThread "Reference Handler"          daemon [_thread_blocked, id=13820, stack(0x0000005b1a900000,0x0000005b1aa00000) (1024K)]
  0x0000025725bcd050 JavaThread "Finalizer"                  daemon [_thread_blocked, id=16180, stack(0x0000005b1aa00000,0x0000005b1ab00000) (1024K)]
  0x000002573c4c0720 JavaThread "Signal Dispatcher"          daemon [_thread_blocked, id=13376, stack(0x0000005b1ab00000,0x0000005b1ac00000) (1024K)]
=>0x000002573c4c1440 JavaThread "Attach Listener"            daemon [_thread_in_vm, id=7276, stack(0x0000005b1ac00000,0x0000005b1ad00000) (1024K)]
  0x000002573c4bece0 JavaThread "Service Thread"             daemon [_thread_blocked, id=11668, stack(0x0000005b1ad00000,0x0000005b1ae00000) (1024K)]
  0x000002573c4bfa00 JavaThread "Monitor Deflation Thread"   daemon [_thread_blocked, id=9220, stack(0x0000005b1ae00000,0x0000005b1af00000) (1024K)]
  0x000002573c4c8540 JavaThread "C2 CompilerThread0"         daemon [_thread_blocked, id=12972, stack(0x0000005b1af00000,0x0000005b1b000000) (1024K)]
  0x000002573c53f730 JavaThread "C1 CompilerThread0"         daemon [_thread_blocked, id=1072, stack(0x0000005b1b000000,0x0000005b1b100000) (1024K)]
  0x000002573c4c0090 JavaThread "Common-Cleaner"             daemon [_thread_blocked, id=15636, stack(0x0000005b1b100000,0x0000005b1b200000) (1024K)]
  0x000002573c4bf370 JavaThread "Notification Thread"        daemon [_thread_blocked, id=14904, stack(0x0000005b1b200000,0x0000005b1b300000) (1024K)]
  0x000002573c4bdfc0 JavaThread "Active Thread: Equinox Container: 4feb1908-1c00-457a-ac10-9fb311734e4f"        [_thread_blocked, id=9096, stack(0x0000005b1b400000,0x0000005b1b500000) (1024K)]
  0x000002573c4c0db0 JavaThread "Refresh Thread: Equinox Container: 4feb1908-1c00-457a-ac10-9fb311734e4f" daemon [_thread_blocked, id=2884, stack(0x0000005b1b500000,0x0000005b1b600000) (1024K)]
  0x000002573c4be650 JavaThread "Framework Event Dispatcher: Equinox Container: 4feb1908-1c00-457a-ac10-9fb311734e4f" daemon [_thread_blocked, id=6968, stack(0x0000005b1b600000,0x0000005b1b700000) (1024K)]
  0x000002573ce2fd30 JavaThread "Start Level: Equinox Container: 4feb1908-1c00-457a-ac10-9fb311734e4f" daemon [_thread_blocked, id=13316, stack(0x0000005b1b700000,0x0000005b1b800000) (1024K)]
  0x000002573ce2e2f0 JavaThread "Bundle File Closer"         daemon [_thread_blocked, id=15808, stack(0x0000005b1a400000,0x0000005b1a500000) (1024K)]
  0x000002573ce303c0 JavaThread "SCR Component Actor"        daemon [_thread_blocked, id=10868, stack(0x0000005b1a300000,0x0000005b1a400000) (1024K)]
  0x000002573ce30a50 JavaThread "Worker-JM"                         [_thread_blocked, id=1760, stack(0x0000005b1b800000,0x0000005b1b900000) (1024K)]
  0x000002573ce2dc60 JavaThread "JNA Cleaner"                daemon [_thread_blocked, id=14248, stack(0x0000005b1bb00000,0x0000005b1bc00000) (1024K)]
  0x000002573ce2e980 JavaThread "Java indexing"              daemon [_thread_blocked, id=15976, stack(0x0000005b1bf00000,0x0000005b1c000000) (1024K)]
  0x000002573ce33840 JavaThread "Thread-1"                   daemon [_thread_in_native, id=656, stack(0x0000005b1c400000,0x0000005b1c500000) (1024K)]
  0x000002573ce34560 JavaThread "Thread-2"                   daemon [_thread_in_native, id=11468, stack(0x0000005b1c500000,0x0000005b1c600000) (1024K)]
  0x000002573ce33ed0 JavaThread "Thread-3"                   daemon [_thread_in_native, id=7292, stack(0x0000005b1c600000,0x0000005b1c700000) (1024K)]
  0x000002573ce34bf0 JavaThread "pool-2-thread-1"                   [_thread_blocked, id=2932, stack(0x0000005b1c700000,0x0000005b1c800000) (1024K)]
  0x000002573ce32b20 JavaThread "WorkspaceEventsHandler"            [_thread_blocked, id=14232, stack(0x0000005b1c800000,0x0000005b1c900000) (1024K)]
  0x000002573ce31770 JavaThread "pool-1-thread-1"                   [_thread_blocked, id=3412, stack(0x0000005b1c900000,0x0000005b1ca00000) (1024K)]
  0x0000025705d7b5f0 JavaThread "Cleaner-0"                  daemon [_thread_in_Java, id=11944, stack(0x0000005b1c200000,0x0000005b1c300000) (1024K)]
  0x0000025705d79bb0 JavaThread "Worker-6"                          [_thread_blocked, id=2708, stack(0x0000005b1ba00000,0x0000005b1bb00000) (1024K)]
  0x0000025705d7a8d0 JavaThread "Java Debug Server"                 [_thread_in_native, id=20928, stack(0x0000005b1be00000,0x0000005b1bf00000) (1024K)]
  0x0000025705d7a240 JavaThread "pool-5-thread-1"                   [_thread_in_native, id=3724, stack(0x0000005b1bc00000,0x0000005b1bd00000) (1024K)]
  0x0000025705d7fe20 JavaThread "RxSchedulerPurge-1"         daemon [_thread_blocked, id=20832, stack(0x0000005b1c000000,0x0000005b1c100000) (1024K)]
  0x0000025705d804b0 JavaThread "RxCachedWorkerPoolEvictor-1" daemon [_thread_blocked, id=17484, stack(0x0000005b1c100000,0x0000005b1c200000) (1024K)]
  0x0000025705d7f100 JavaThread "RxNewThreadScheduler-1"     daemon [_thread_blocked, id=19364, stack(0x0000005b1ca00000,0x0000005b1cb00000) (1024K)]
  0x0000025705d7e3e0 JavaThread "process reaper (pid 11672)" daemon [_thread_in_native, id=20944, stack(0x0000005b19f90000,0x0000005b19fb0000) (128K)]
  0x0000025705d7d030 JavaThread "Worker-8"                          [_thread_blocked, id=21768, stack(0x0000005b1bd00000,0x0000005b1be00000) (1024K)]
Total: 35

Other Threads:
  0x000002572397ec10 VMThread "VM Thread"                           [id=1520, stack(0x0000005b1a800000,0x0000005b1a900000) (1024K)]
  0x000002573c49cb00 WatcherThread "VM Periodic Task Thread"        [id=12276, stack(0x0000005b1a700000,0x0000005b1a800000) (1024K)]
  0x0000025725b30c10 WorkerThread "GC Thread#0"                     [id=6356, stack(0x0000005b1a600000,0x0000005b1a700000) (1024K)]
  0x000002577e15f050 WorkerThread "GC Thread#1"                     [id=5388, stack(0x0000005b1b300000,0x0000005b1b400000) (1024K)]
Total: 4

Threads with active compile tasks:
Total: 0

VM state: not at safepoint (normal execution)

VM Mutex/Monitor currently owned by a thread: None

Heap address: 0x0000000080000000, size: 2048 MB, Compressed Oops mode: 32-bit

CDS archive(s) mapped at: [0x000002573d000000-0x000002573dba0000-0x000002573dba0000), size 12189696, SharedBaseAddress: 0x000002573d000000, ArchiveRelocationMode: 1.
Compressed class space mapped at: 0x000002573e000000-0x000002577e000000, reserved size: 1073741824
Narrow klass base: 0x000002573d000000, Narrow klass shift: 0, Narrow klass range: 0x100000000

GC Precious Log:
 CardTable entry size: 512
 CPUs: 2 total, 2 available
 Memory: 5980M
 Large Page Support: Disabled
 NUMA Support: Disabled
 Compressed Oops: Enabled (32-bit)
 Alignments: Space 512K, Generation 512K, Heap 2M
 Heap Min Capacity: 100M
 Heap Initial Capacity: 100M
 Heap Max Capacity: 2G
 Pre-touch: Disabled
 Parallel Workers: 2

Heap:
 PSYoungGen      total 2560K, used 816K [0x00000000d5580000, 0x00000000d5980000, 0x0000000100000000)
  eden space 2048K, 28% used [0x00000000d5580000,0x00000000d56142c0,0x00000000d5780000)
  from space 512K, 43% used [0x00000000d5900000,0x00000000d5938000,0x00000000d5980000)
  to   space 512K, 0% used [0x00000000d5880000,0x00000000d5880000,0x00000000d5900000)
 ParOldGen       total 296448K, used 296316K [0x0000000080000000, 0x0000000092180000, 0x00000000d5580000)
  object space 296448K, 99% used [0x0000000080000000,0x000000009215f278,0x0000000092180000)
 Metaspace       used 75925K, committed 77568K, reserved 1179648K
  class space    used 8056K, committed 8768K, reserved 1048576K

Card table byte_map: [0x00000257254b0000,0x00000257258c0000] _byte_map_base: 0x00000257250b0000

Marking Bits: (ParMarkBitMap*) 0x00007ffa9e773450
 Begin Bits: [0x0000025737fc0000, 0x0000025739fc0000)
 End Bits:   [0x0000025739fc0000, 0x000002573bfc0000)

Polling page: 0x00000257239c0000

Metaspace:

Usage:
  Non-class:     66.28 MB used.
      Class:      7.87 MB used.
       Both:     74.15 MB used.

Virtual space:
  Non-class space:      128.00 MB reserved,      67.19 MB ( 52%) committed,  2 nodes.
      Class space:        1.00 GB reserved,       8.56 MB ( <1%) committed,  1 nodes.
             Both:        1.12 GB reserved,      75.75 MB (  7%) committed. 

Chunk freelists:
   Non-Class:  12.02 MB
       Class:  7.49 MB
        Both:  19.50 MB

MaxMetaspaceSize: unlimited
CompressedClassSpaceSize: 1.00 GB
Initial GC threshold: 21.00 MB
Current GC threshold: 97.31 MB
CDS: on
 - commit_granule_bytes: 65536.
 - commit_granule_words: 8192.
 - virtual_space_node_default_size: 8388608.
 - enlarge_chunks_in_place: 1.
 - use_allocation_guard: 0.


Internal statistics:

num_allocs_failed_limit: 9.
num_arena_births: 1394.
num_arena_deaths: 14.
num_vsnodes_births: 3.
num_vsnodes_deaths: 0.
num_space_committed: 1212.
num_space_uncommitted: 0.
num_chunks_returned_to_freelist: 23.
num_chunks_taken_from_freelist: 4946.
num_chunk_merges: 11.
num_chunk_splits: 3088.
num_chunks_enlarged: 1801.
num_inconsistent_stats: 0.

CodeHeap 'non-profiled nmethods': size=120064Kb used=10230Kb max_used=10230Kb free=109834Kb
 bounds [0x00000257307d0000, 0x00000257311d0000, 0x0000025737d10000]
CodeHeap 'profiled nmethods': size=120000Kb used=29518Kb max_used=29518Kb free=90481Kb
 bounds [0x0000025728d10000, 0x000002572a9f0000, 0x0000025730240000]
CodeHeap 'non-nmethods': size=5696Kb used=1479Kb max_used=1519Kb free=4216Kb
 bounds [0x0000025730240000, 0x00000257304b0000, 0x00000257307d0000]
CodeCache: size=245760Kb, used=41227Kb, max_used=41267Kb, free=204531Kb
 total_blobs=13502, nmethods=12694, adapters=714, full_count=0
Compilation: enabled, stopped_count=0, restarted_count=0

Compilation events (20 events):
Event: 13422.676 Thread 0x000002573c53f730 13603       3       org.eclipse.core.internal.resources.Resource::isConflicting (155 bytes)
Event: 13422.862 Thread 0x000002573c53f730 nmethod 13603 0x000002572a9db410 code [0x000002572a9db6c0, 0x000002572a9dc798]
Event: 14324.261 Thread 0x000002573c53f730 13604       1       org.eclipse.core.internal.jobs.InternalJob::getPriority (5 bytes)
Event: 14324.396 Thread 0x000002573c53f730 nmethod 13604 0x00000257311ccf10 code [0x00000257311cd0a0, 0x00000257311cd168]
Event: 14823.015 Thread 0x000002573c53f730 13606       3       java.util.logging.LogManager::demandLogger (53 bytes)
Event: 14823.436 Thread 0x000002573c53f730 nmethod 13606 0x000002572a9dcc10 code [0x000002572a9dce40, 0x000002572a9dd488]
Event: 16273.556 Thread 0x000002573c53f730 13608   !   3       org.eclipse.osgi.storage.Storage::save0 (246 bytes)
Event: 16273.734 Thread 0x000002573c53f730 nmethod 13608 0x000002572a9dd710 code [0x000002572a9ddc20, 0x000002572a9e0808]
Event: 18664.135 Thread 0x000002573c53f730 13609       3       java.util.logging.LogManager::demandLogger (23 bytes)
Event: 18664.163 Thread 0x000002573c53f730 nmethod 13609 0x000002572a9e1d90 code [0x000002572a9e1f40, 0x000002572a9e20f8]
Event: 20635.259 Thread 0x000002573c53f730 13610       3       org.eclipse.core.internal.jobs.JobListeners::queueEvent (15 bytes)
Event: 20635.306 Thread 0x000002573c53f730 nmethod 13610 0x000002572a9e2210 code [0x000002572a9e23c0, 0x000002572a9e25a8]
Event: 20635.311 Thread 0x000002573c53f730 13611       1       org.eclipse.core.internal.jobs.InternalJob::getProgressMonitor (5 bytes)
Event: 20635.319 Thread 0x000002573c53f730 nmethod 13611 0x00000257311cd210 code [0x00000257311cd3a0, 0x00000257311cd468]
Event: 20635.347 Thread 0x000002573c53f730 13612       1       org.eclipse.core.internal.jobs.JobManager::getLockManager (5 bytes)
Event: 20635.353 Thread 0x000002573c53f730 nmethod 13612 0x00000257311cd510 code [0x00000257311cd6a0, 0x00000257311cd768]
Event: 20779.907 Thread 0x000002573c53f730 13613       3       io.reactivex.internal.schedulers.IoScheduler$CachedWorkerPool::run (5 bytes)
Event: 20779.920 Thread 0x000002573c53f730 nmethod 13613 0x000002572a9e2690 code [0x000002572a9e2840, 0x000002572a9e2978]
Event: 20779.920 Thread 0x000002573c53f730 13614       3       io.reactivex.internal.schedulers.IoScheduler$CachedWorkerPool::evictExpiredWorkers (79 bytes)
Event: 20779.978 Thread 0x000002573c53f730 nmethod 13614 0x000002572a9e2a10 code [0x000002572a9e2c80, 0x000002572a9e3718]

GC Heap History (20 events):
Event: 7005.440 GC heap before
{Heap before GC invocations=222 (full 3):
 PSYoungGen      total 3072K, used 2848K [0x00000000d5580000, 0x00000000d5a00000, 0x0000000100000000)
  eden space 2560K, 100% used [0x00000000d5580000,0x00000000d5800000,0x00000000d5800000)
  from space 512K, 56% used [0x00000000d5980000,0x00000000d59c8020,0x00000000d5a00000)
  to   space 512K, 0% used [0x00000000d5900000,0x00000000d5900000,0x00000000d5980000)
 ParOldGen       total 291840K, used 289624K [0x0000000080000000, 0x0000000091d00000, 0x00000000d5580000)
  object space 291840K, 99% used [0x0000000080000000,0x0000000091ad6000,0x0000000091d00000)
 Metaspace       used 75608K, committed 77184K, reserved 1179648K
  class space    used 8013K, committed 8704K, reserved 1048576K
}
Event: 7005.457 GC heap after
{Heap after GC invocations=222 (full 3):
 PSYoungGen      total 3072K, used 128K [0x00000000d5580000, 0x00000000d5a00000, 0x0000000100000000)
  eden space 2560K, 0% used [0x00000000d5580000,0x00000000d5580000,0x00000000d5800000)
  from space 512K, 25% used [0x00000000d5900000,0x00000000d5920000,0x00000000d5980000)
  to   space 512K, 0% used [0x00000000d5980000,0x00000000d5980000,0x00000000d5a00000)
 ParOldGen       total 291840K, used 289752K [0x0000000080000000, 0x0000000091d00000, 0x00000000d5580000)
  object space 291840K, 99% used [0x0000000080000000,0x0000000091af6020,0x0000000091d00000)
 Metaspace       used 75608K, committed 77184K, reserved 1179648K
  class space    used 8013K, committed 8704K, reserved 1048576K
}
Event: 12663.396 GC heap before
{Heap before GC invocations=223 (full 3):
 PSYoungGen      total 3072K, used 2687K [0x00000000d5580000, 0x00000000d5a00000, 0x0000000100000000)
  eden space 2560K, 99% used [0x00000000d5580000,0x00000000d57ffff8,0x00000000d5800000)
  from space 512K, 25% used [0x00000000d5900000,0x00000000d5920000,0x00000000d5980000)
  to   space 512K, 0% used [0x00000000d5980000,0x00000000d5980000,0x00000000d5a00000)
 ParOldGen       total 291840K, used 289752K [0x0000000080000000, 0x0000000091d00000, 0x00000000d5580000)
  object space 291840K, 99% used [0x0000000080000000,0x0000000091af6020,0x0000000091d00000)
 Metaspace       used 75631K, committed 77248K, reserved 1179648K
  class space    used 8013K, committed 8704K, reserved 1048576K
}
Event: 12663.602 GC heap after
{Heap after GC invocations=223 (full 3):
 PSYoungGen      total 3072K, used 64K [0x00000000d5580000, 0x00000000d5a00000, 0x0000000100000000)
  eden space 2560K, 0% used [0x00000000d5580000,0x00000000d5580000,0x00000000d5800000)
  from space 512K, 12% used [0x00000000d5980000,0x00000000d5990000,0x00000000d5a00000)
  to   space 512K, 0% used [0x00000000d5900000,0x00000000d5900000,0x00000000d5980000)
 ParOldGen       total 291840K, used 289824K [0x0000000080000000, 0x0000000091d00000, 0x00000000d5580000)
  object space 291840K, 99% used [0x0000000080000000,0x0000000091b08020,0x0000000091d00000)
 Metaspace       used 75631K, committed 77248K, reserved 1179648K
  class space    used 8013K, committed 8704K, reserved 1048576K
}
Event: 12913.530 GC heap before
{Heap before GC invocations=224 (full 3):
 PSYoungGen      total 3072K, used 2623K [0x00000000d5580000, 0x00000000d5a00000, 0x0000000100000000)
  eden space 2560K, 99% used [0x00000000d5580000,0x00000000d57fffc8,0x00000000d5800000)
  from space 512K, 12% used [0x00000000d5980000,0x00000000d5990000,0x00000000d5a00000)
  to   space 512K, 0% used [0x00000000d5900000,0x00000000d5900000,0x00000000d5980000)
 ParOldGen       total 291840K, used 289824K [0x0000000080000000, 0x0000000091d00000, 0x00000000d5580000)
  object space 291840K, 99% used [0x0000000080000000,0x0000000091b08020,0x0000000091d00000)
 Metaspace       used 75742K, committed 77376K, reserved 1179648K
  class space    used 8028K, committed 8704K, reserved 1048576K
}
Event: 12913.612 GC heap after
{Heap after GC invocations=224 (full 3):
 PSYoungGen      total 3072K, used 250K [0x00000000d5580000, 0x00000000d5a00000, 0x0000000100000000)
  eden space 2560K, 0% used [0x00000000d5580000,0x00000000d5580000,0x00000000d5800000)
  from space 512K, 48% used [0x00000000d5900000,0x00000000d593e920,0x00000000d5980000)
  to   space 512K, 0% used [0x00000000d5980000,0x00000000d5980000,0x00000000d5a00000)
 ParOldGen       total 291840K, used 289840K [0x0000000080000000, 0x0000000091d00000, 0x00000000d5580000)
  object space 291840K, 99% used [0x0000000080000000,0x0000000091b0c020,0x0000000091d00000)
 Metaspace       used 75742K, committed 77376K, reserved 1179648K
  class space    used 8028K, committed 8704K, reserved 1048576K
}
Event: 12927.690 GC heap before
{Heap before GC invocations=225 (full 3):
 PSYoungGen      total 3072K, used 2802K [0x00000000d5580000, 0x00000000d5a00000, 0x0000000100000000)
  eden space 2560K, 99% used [0x00000000d5580000,0x00000000d57fe268,0x00000000d5800000)
  from space 512K, 48% used [0x00000000d5900000,0x00000000d593e920,0x00000000d5980000)
  to   space 512K, 0% used [0x00000000d5980000,0x00000000d5980000,0x00000000d5a00000)
 ParOldGen       total 291840K, used 289840K [0x0000000080000000, 0x0000000091d00000, 0x00000000d5580000)
  object space 291840K, 99% used [0x0000000080000000,0x0000000091b0c020,0x0000000091d00000)
 Metaspace       used 75745K, committed 77376K, reserved 1179648K
  class space    used 8028K, committed 8704K, reserved 1048576K
}
Event: 12927.709 GC heap after
{Heap after GC invocations=225 (full 3):
 PSYoungGen      total 2560K, used 501K [0x00000000d5580000, 0x00000000d5c00000, 0x0000000100000000)
  eden space 2048K, 0% used [0x00000000d5580000,0x00000000d5580000,0x00000000d5780000)
  from space 512K, 97% used [0x00000000d5980000,0x00000000d59fd4e8,0x00000000d5a00000)
  to   space 2048K, 0% used [0x00000000d5780000,0x00000000d5780000,0x00000000d5980000)
 ParOldGen       total 291840K, used 291115K [0x0000000080000000, 0x0000000091d00000, 0x00000000d5580000)
  object space 291840K, 99% used [0x0000000080000000,0x0000000091c4ac78,0x0000000091d00000)
 Metaspace       used 75745K, committed 77376K, reserved 1179648K
  class space    used 8028K, committed 8704K, reserved 1048576K
}
Event: 12927.978 GC heap before
{Heap before GC invocations=226 (full 3):
 PSYoungGen      total 2560K, used 2549K [0x00000000d5580000, 0x00000000d5c00000, 0x0000000100000000)
  eden space 2048K, 99% used [0x00000000d5580000,0x00000000d577ffb8,0x00000000d5780000)
  from space 512K, 97% used [0x00000000d5980000,0x00000000d59fd4e8,0x00000000d5a00000)
  to   space 2048K, 0% used [0x00000000d5780000,0x00000000d5780000,0x00000000d5980000)
 ParOldGen       total 291840K, used 291115K [0x0000000080000000, 0x0000000091d00000, 0x00000000d5580000)
  object space 291840K, 99% used [0x0000000080000000,0x0000000091c4ac78,0x0000000091d00000)
 Metaspace       used 75745K, committed 77376K, reserved 1179648K
  class space    used 8028K, committed 8704K, reserved 1048576K
}
Event: 12927.986 GC heap after
{Heap after GC invocations=226 (full 3):
 PSYoungGen      total 3072K, used 986K [0x00000000d5580000, 0x00000000d5a80000, 0x0000000100000000)
  eden space 2048K, 0% used [0x00000000d5580000,0x00000000d5580000,0x00000000d5780000)
  from space 1024K, 96% used [0x00000000d5780000,0x00000000d5876bf0,0x00000000d5880000)
  to   space 1536K, 0% used [0x00000000d5900000,0x00000000d5900000,0x00000000d5a80000)
 ParOldGen       total 291840K, used 291622K [0x0000000080000000, 0x0000000091d00000, 0x00000000d5580000)
  object space 291840K, 99% used [0x0000000080000000,0x0000000091cc9a48,0x0000000091d00000)
 Metaspace       used 75745K, committed 77376K, reserved 1179648K
  class space    used 8028K, committed 8704K, reserved 1048576K
}
Event: 12931.686 GC heap before
{Heap before GC invocations=227 (full 3):
 PSYoungGen      total 3072K, used 3034K [0x00000000d5580000, 0x00000000d5a80000, 0x0000000100000000)
  eden space 2048K, 100% used [0x00000000d5580000,0x00000000d5780000,0x00000000d5780000)
  from space 1024K, 96% used [0x00000000d5780000,0x00000000d5876bf0,0x00000000d5880000)
  to   space 1536K, 0% used [0x00000000d5900000,0x00000000d5900000,0x00000000d5a80000)
 ParOldGen       total 291840K, used 291622K [0x0000000080000000, 0x0000000091d00000, 0x00000000d5580000)
  object space 291840K, 99% used [0x0000000080000000,0x0000000091cc9a48,0x0000000091d00000)
 Metaspace       used 75746K, committed 77376K, reserved 1179648K
  class space    used 8028K, committed 8704K, reserved 1048576K
}
Event: 12931.697 GC heap after
{Heap after GC invocations=227 (full 3):
 PSYoungGen      total 2560K, used 348K [0x00000000d5580000, 0x00000000d5980000, 0x0000000100000000)
  eden space 2048K, 0% used [0x00000000d5580000,0x00000000d5580000,0x00000000d5780000)
  from space 512K, 68% used [0x00000000d5900000,0x00000000d59570b0,0x00000000d5980000)
  to   space 1024K, 0% used [0x00000000d5780000,0x00000000d5780000,0x00000000d5880000)
 ParOldGen       total 292864K, used 292607K [0x0000000080000000, 0x0000000091e00000, 0x00000000d5580000)
  object space 292864K, 99% used [0x0000000080000000,0x0000000091dbfec8,0x0000000091e00000)
 Metaspace       used 75746K, committed 77376K, reserved 1179648K
  class space    used 8028K, committed 8704K, reserved 1048576K
}
Event: 12942.519 GC heap before
{Heap before GC invocations=228 (full 3):
 PSYoungGen      total 2560K, used 2377K [0x00000000d5580000, 0x00000000d5980000, 0x0000000100000000)
  eden space 2048K, 99% used [0x00000000d5580000,0x00000000d577b5f0,0x00000000d5780000)
  from space 512K, 68% used [0x00000000d5900000,0x00000000d59570b0,0x00000000d5980000)
  to   space 1024K, 0% used [0x00000000d5780000,0x00000000d5780000,0x00000000d5880000)
 ParOldGen       total 292864K, used 292607K [0x0000000080000000, 0x0000000091e00000, 0x00000000d5580000)
  object space 292864K, 99% used [0x0000000080000000,0x0000000091dbfec8,0x0000000091e00000)
 Metaspace       used 75748K, committed 77376K, reserved 1179648K
  class space    used 8028K, committed 8704K, reserved 1048576K
}
Event: 12942.529 GC heap after
{Heap after GC invocations=228 (full 3):
 PSYoungGen      total 3072K, used 1001K [0x00000000d5580000, 0x00000000d5b80000, 0x0000000100000000)
  eden space 2048K, 0% used [0x00000000d5580000,0x00000000d5580000,0x00000000d5780000)
  from space 1024K, 97% used [0x00000000d5780000,0x00000000d587a638,0x00000000d5880000)
  to   space 2048K, 0% used [0x00000000d5980000,0x00000000d5980000,0x00000000d5b80000)
 ParOldGen       total 293376K, used 293113K [0x0000000080000000, 0x0000000091e80000, 0x00000000d5580000)
  object space 293376K, 99% used [0x0000000080000000,0x0000000091e3e4c8,0x0000000091e80000)
 Metaspace       used 75748K, committed 77376K, reserved 1179648K
  class space    used 8028K, committed 8704K, reserved 1048576K
}
Event: 12970.273 GC heap before
{Heap before GC invocations=229 (full 3):
 PSYoungGen      total 3072K, used 3049K [0x00000000d5580000, 0x00000000d5b80000, 0x0000000100000000)
  eden space 2048K, 100% used [0x00000000d5580000,0x00000000d5780000,0x00000000d5780000)
  from space 1024K, 97% used [0x00000000d5780000,0x00000000d587a638,0x00000000d5880000)
  to   space 2048K, 0% used [0x00000000d5980000,0x00000000d5980000,0x00000000d5b80000)
 ParOldGen       total 293376K, used 293113K [0x0000000080000000, 0x0000000091e80000, 0x00000000d5580000)
  object space 293376K, 99% used [0x0000000080000000,0x0000000091e3e4c8,0x0000000091e80000)
 Metaspace       used 75748K, committed 77376K, reserved 1179648K
  class space    used 8028K, committed 8704K, reserved 1048576K
}
Event: 12970.286 GC heap after
{Heap after GC invocations=229 (full 3):
 PSYoungGen      total 4096K, used 1605K [0x00000000d5580000, 0x00000000d5b80000, 0x0000000100000000)
  eden space 2048K, 0% used [0x00000000d5580000,0x00000000d5580000,0x00000000d5780000)
  from space 2048K, 78% used [0x00000000d5980000,0x00000000d5b117a8,0x00000000d5b80000)
  to   space 2048K, 0% used [0x00000000d5780000,0x00000000d5780000,0x00000000d5980000)
 ParOldGen       total 294400K, used 294121K [0x0000000080000000, 0x0000000091f80000, 0x00000000d5580000)
  object space 294400K, 99% used [0x0000000080000000,0x0000000091f3a490,0x0000000091f80000)
 Metaspace       used 75748K, committed 77376K, reserved 1179648K
  class space    used 8028K, committed 8704K, reserved 1048576K
}
Event: 13103.624 GC heap before
{Heap before GC invocations=230 (full 3):
 PSYoungGen      total 4096K, used 3653K [0x00000000d5580000, 0x00000000d5b80000, 0x0000000100000000)
  eden space 2048K, 100% used [0x00000000d5580000,0x00000000d5780000,0x00000000d5780000)
  from space 2048K, 78% used [0x00000000d5980000,0x00000000d5b117a8,0x00000000d5b80000)
  to   space 2048K, 0% used [0x00000000d5780000,0x00000000d5780000,0x00000000d5980000)
 ParOldGen       total 294400K, used 294121K [0x0000000080000000, 0x0000000091f80000, 0x00000000d5580000)
  object space 294400K, 99% used [0x0000000080000000,0x0000000091f3a490,0x0000000091f80000)
 Metaspace       used 75856K, committed 77504K, reserved 1179648K
  class space    used 8056K, committed 8768K, reserved 1048576K
}
Event: 13103.993 GC heap after
{Heap after GC invocations=230 (full 3):
 PSYoungGen      total 3072K, used 863K [0x00000000d5580000, 0x00000000d5a80000, 0x0000000100000000)
  eden space 2048K, 0% used [0x00000000d5580000,0x00000000d5580000,0x00000000d5780000)
  from space 1024K, 84% used [0x00000000d5780000,0x00000000d5857d48,0x00000000d5880000)
  to   space 1536K, 0% used [0x00000000d5900000,0x00000000d5900000,0x00000000d5a80000)
 ParOldGen       total 295936K, used 295676K [0x0000000080000000, 0x0000000092100000, 0x00000000d5580000)
  object space 295936K, 99% used [0x0000000080000000,0x00000000920bf278,0x0000000092100000)
 Metaspace       used 75856K, committed 77504K, reserved 1179648K
  class space    used 8056K, committed 8768K, reserved 1048576K
}
Event: 18074.383 GC heap before
{Heap before GC invocations=231 (full 3):
 PSYoungGen      total 3072K, used 2911K [0x00000000d5580000, 0x00000000d5a80000, 0x0000000100000000)
  eden space 2048K, 100% used [0x00000000d5580000,0x00000000d5780000,0x00000000d5780000)
  from space 1024K, 84% used [0x00000000d5780000,0x00000000d5857d48,0x00000000d5880000)
  to   space 1536K, 0% used [0x00000000d5900000,0x00000000d5900000,0x00000000d5a80000)
 ParOldGen       total 295936K, used 295676K [0x0000000080000000, 0x0000000092100000, 0x00000000d5580000)
  object space 295936K, 99% used [0x0000000080000000,0x00000000920bf278,0x0000000092100000)
 Metaspace       used 75920K, committed 77568K, reserved 1179648K
  class space    used 8056K, committed 8768K, reserved 1048576K
}
Event: 18074.800 GC heap after
{Heap after GC invocations=231 (full 3):
 PSYoungGen      total 2560K, used 224K [0x00000000d5580000, 0x00000000d5980000, 0x0000000100000000)
  eden space 2048K, 0% used [0x00000000d5580000,0x00000000d5580000,0x00000000d5780000)
  from space 512K, 43% used [0x00000000d5900000,0x00000000d5938000,0x00000000d5980000)
  to   space 512K, 0% used [0x00000000d5880000,0x00000000d5880000,0x00000000d5900000)
 ParOldGen       total 296448K, used 296316K [0x0000000080000000, 0x0000000092180000, 0x00000000d5580000)
  object space 296448K, 99% used [0x0000000080000000,0x000000009215f278,0x0000000092180000)
 Metaspace       used 75920K, committed 77568K, reserved 1179648K
  class space    used 8056K, committed 8768K, reserved 1048576K
}

Dll operation events (11 events):
Event: 0.044 Loaded shared library c:\Users\Admin\.vscode\extensions\redhat.java-1.54.0-win32-x64\jre\21.0.10-win32-x86_64\bin\java.dll
Event: 1.143 Loaded shared library c:\Users\Admin\.vscode\extensions\redhat.java-1.54.0-win32-x64\jre\21.0.10-win32-x86_64\bin\zip.dll
Event: 1.275 Loaded shared library C:\Users\Admin\.vscode\extensions\redhat.java-1.54.0-win32-x64\jre\21.0.10-win32-x86_64\bin\instrument.dll
Event: 1.344 Loaded shared library C:\Users\Admin\.vscode\extensions\redhat.java-1.54.0-win32-x64\jre\21.0.10-win32-x86_64\bin\net.dll
Event: 1.372 Loaded shared library C:\Users\Admin\.vscode\extensions\redhat.java-1.54.0-win32-x64\jre\21.0.10-win32-x86_64\bin\nio.dll
Event: 1.405 Loaded shared library C:\Users\Admin\.vscode\extensions\redhat.java-1.54.0-win32-x64\jre\21.0.10-win32-x86_64\bin\zip.dll
Event: 1.753 Loaded shared library C:\Users\Admin\.vscode\extensions\redhat.java-1.54.0-win32-x64\jre\21.0.10-win32-x86_64\bin\jimage.dll
Event: 3.191 Loaded shared library c:\Users\Admin\.vscode\extensions\redhat.java-1.54.0-win32-x64\jre\21.0.10-win32-x86_64\bin\verify.dll
Event: 48.118 Loaded shared library C:\Users\Admin\AppData\Roaming\Code\User\globalStorage\redhat.java\1.54.0\config_win\org.eclipse.equinox.launcher\org.eclipse.equinox.launcher.win32.win32.x86_64_1.3.0.v20260203-2149\eclipse_11919.dll
Event: 145.885 Loaded shared library C:\Users\Admin\AppData\Local\Temp\jna-63116079\jna13454003439161479821.dll
Event: 5390.825 Loaded shared library C:\Users\Admin\.vscode\extensions\redhat.java-1.54.0-win32-x64\jre\21.0.10-win32-x86_64\bin\extnet.dll

Deoptimization events (20 events):
Event: 13101.575 Thread 0x0000025705d7dd50 Uncommon trap: trap_request=0xffffffde fr.pc=0x000002573109ed98 relative=0x0000000000000078
Event: 13101.576 Thread 0x0000025705d7dd50 Uncommon trap: reason=class_check action=maybe_recompile pc=0x000002573109ed98 method=org.eclipse.jdt.internal.compiler.env.IModuleAwareNameEnvironment$LookupStrategy.matches(Ljava/lang/Object;Ljava/util/function/Predicate;)Z @ 8 c2
Event: 13101.576 Thread 0x0000025705d7dd50 DEOPT PACKING pc=0x000002573109ed98 sp=0x0000005b1b9fdc60
Event: 13101.581 Thread 0x0000025705d7dd50 DEOPT UNPACKING pc=0x0000025730293a9c sp=0x0000005b1b9fdbe8 mode 2
Event: 13101.611 Thread 0x0000025705d7dd50 Uncommon trap: trap_request=0xffffffde fr.pc=0x000002573109ed98 relative=0x0000000000000078
Event: 13101.611 Thread 0x0000025705d7dd50 Uncommon trap: reason=class_check action=maybe_recompile pc=0x000002573109ed98 method=org.eclipse.jdt.internal.compiler.env.IModuleAwareNameEnvironment$LookupStrategy.matches(Ljava/lang/Object;Ljava/util/function/Predicate;)Z @ 8 c2
Event: 13101.611 Thread 0x0000025705d7dd50 DEOPT PACKING pc=0x000002573109ed98 sp=0x0000005b1b9fdc60
Event: 13101.611 Thread 0x0000025705d7dd50 DEOPT UNPACKING pc=0x0000025730293a9c sp=0x0000005b1b9fdbe8 mode 2
Event: 13101.611 Thread 0x0000025705d7dd50 Uncommon trap: trap_request=0xffffffde fr.pc=0x000002573109ed98 relative=0x0000000000000078
Event: 13101.611 Thread 0x0000025705d7dd50 Uncommon trap: reason=class_check action=maybe_recompile pc=0x000002573109ed98 method=org.eclipse.jdt.internal.compiler.env.IModuleAwareNameEnvironment$LookupStrategy.matches(Ljava/lang/Object;Ljava/util/function/Predicate;)Z @ 8 c2
Event: 13101.611 Thread 0x0000025705d7dd50 DEOPT PACKING pc=0x000002573109ed98 sp=0x0000005b1b9fdc60
Event: 13101.612 Thread 0x0000025705d7dd50 DEOPT UNPACKING pc=0x0000025730293a9c sp=0x0000005b1b9fdbe8 mode 2
Event: 13101.612 Thread 0x0000025705d7dd50 Uncommon trap: trap_request=0xffffffde fr.pc=0x000002573109ed98 relative=0x0000000000000078
Event: 13101.612 Thread 0x0000025705d7dd50 Uncommon trap: reason=class_check action=maybe_recompile pc=0x000002573109ed98 method=org.eclipse.jdt.internal.compiler.env.IModuleAwareNameEnvironment$LookupStrategy.matches(Ljava/lang/Object;Ljava/util/function/Predicate;)Z @ 8 c2
Event: 13101.612 Thread 0x0000025705d7dd50 DEOPT PACKING pc=0x000002573109ed98 sp=0x0000005b1b9fdc60
Event: 13101.612 Thread 0x0000025705d7dd50 DEOPT UNPACKING pc=0x0000025730293a9c sp=0x0000005b1b9fdbe8 mode 2
Event: 13102.757 Thread 0x0000025705d7dd50 Uncommon trap: trap_request=0xffffff45 fr.pc=0x00000257310a498c relative=0x000000000000068c
Event: 13102.757 Thread 0x0000025705d7dd50 Uncommon trap: reason=unstable_if action=reinterpret pc=0x00000257310a498c method=org.eclipse.jdt.internal.core.builder.ClasspathJar.isPackage(Ljava/lang/String;Ljava/lang/String;)Z @ 1 c2
Event: 13102.757 Thread 0x0000025705d7dd50 DEOPT PACKING pc=0x00000257310a498c sp=0x0000005b1b9fcf70
Event: 13102.758 Thread 0x0000025705d7dd50 DEOPT UNPACKING pc=0x0000025730293a9c sp=0x0000005b1b9fcf18 mode 2

Classes loaded (20 events):
Event: 5392.098 Loading class java/util/TaskQueue
Event: 5392.099 Loading class java/util/TaskQueue done
Event: 5392.099 Loading class java/util/TimerThread
Event: 5392.099 Loading class java/util/TimerThread done
Event: 5392.099 Loading class java/util/Timer$ThreadReaper
Event: 5392.099 Loading class java/util/Timer$ThreadReaper done
Event: 5392.106 Loading class java/util/concurrent/CompletableFuture$UniWhenComplete
Event: 5392.107 Loading class java/util/concurrent/CompletableFuture$UniWhenComplete done
Event: 5392.108 Loading class java/util/concurrent/CompletableFuture$UniCompose
Event: 5392.109 Loading class java/util/concurrent/CompletableFuture$UniCompose done
Event: 5392.109 Loading class java/util/concurrent/CompletableFuture$UniRelay
Event: 5392.109 Loading class java/util/concurrent/CompletableFuture$UniRelay done
Event: 5392.423 Loading class java/util/concurrent/ScheduledThreadPoolExecutor$DelayedWorkQueue$Itr
Event: 5392.424 Loading class java/util/concurrent/ScheduledThreadPoolExecutor$DelayedWorkQueue$Itr done
Event: 5396.791 Loading class java/lang/ProcessHandleImpl$ExitCompletion
Event: 5396.879 Loading class java/lang/ProcessHandleImpl$ExitCompletion done
Event: 5396.879 Loading class java/lang/ProcessHandleImpl$1
Event: 5396.884 Loading class java/lang/ProcessHandleImpl$1 done
Event: 5397.273 Loading class java/util/concurrent/CompletableFuture$UniHandle
Event: 5397.273 Loading class java/util/concurrent/CompletableFuture$UniHandle done

Classes unloaded (7 events):
Event: 149.984 Thread 0x000002572397ec10 Unloading class 0x000002573e1a3000 'java/lang/invoke/LambdaForm$MH+0x000002573e1a3000'
Event: 149.984 Thread 0x000002572397ec10 Unloading class 0x000002573e1a2c00 'java/lang/invoke/LambdaForm$MH+0x000002573e1a2c00'
Event: 149.984 Thread 0x000002572397ec10 Unloading class 0x000002573e1a2800 'java/lang/invoke/LambdaForm$MH+0x000002573e1a2800'
Event: 149.984 Thread 0x000002572397ec10 Unloading class 0x000002573e1a2400 'java/lang/invoke/LambdaForm$MH+0x000002573e1a2400'
Event: 149.984 Thread 0x000002572397ec10 Unloading class 0x000002573e1a2000 'java/lang/invoke/LambdaForm$BMH+0x000002573e1a2000'
Event: 149.984 Thread 0x000002572397ec10 Unloading class 0x000002573e1a1c00 'java/lang/invoke/LambdaForm$DMH+0x000002573e1a1c00'
Event: 149.984 Thread 0x000002572397ec10 Unloading class 0x000002573e1a0800 'java/lang/invoke/LambdaForm$DMH+0x000002573e1a0800'

Classes redefined (0 events):
No events

Internal exceptions (20 events):
Event: 5381.563 Thread 0x0000025705d7a8d0 Exception <a 'java/lang/NoSuchMethodError'{0x00000000d57d9de0}: 'void java.lang.invoke.DirectMethodHandle$Holder.invokeStatic(java.lang.Object, int, java.lang.Object)'> (0x00000000d57d9de0) 
thrown [s\src\hotspot\share\interpreter\linkResolver.cpp, line 773]
Event: 5388.590 Thread 0x0000025705d7a240 Exception <a 'sun/nio/fs/WindowsException'{0x00000000d5758750}> (0x00000000d5758750) 
thrown [s\src\hotspot\share\prims\jni.cpp, line 520]
Event: 5388.590 Thread 0x0000025705d7a240 Exception <a 'sun/nio/fs/WindowsException'{0x00000000d5758da0}> (0x00000000d5758da0) 
thrown [s\src\hotspot\share\prims\jni.cpp, line 520]
Event: 5388.591 Thread 0x0000025705d7a240 Exception <a 'sun/nio/fs/WindowsException'{0x00000000d5759838}> (0x00000000d5759838) 
thrown [s\src\hotspot\share\prims\jni.cpp, line 520]
Event: 5388.591 Thread 0x0000025705d7a240 Exception <a 'sun/nio/fs/WindowsException'{0x00000000d5759e68}> (0x00000000d5759e68) 
thrown [s\src\hotspot\share\prims\jni.cpp, line 520]
Event: 5388.595 Thread 0x0000025705d7a240 Exception <a 'sun/nio/fs/WindowsException'{0x00000000d575b578}> (0x00000000d575b578) 
thrown [s\src\hotspot\share\prims\jni.cpp, line 520]
Event: 5388.595 Thread 0x0000025705d7a240 Exception <a 'sun/nio/fs/WindowsException'{0x00000000d575bba8}> (0x00000000d575bba8) 
thrown [s\src\hotspot\share\prims\jni.cpp, line 520]
Event: 5388.690 Thread 0x0000025705d7a240 Exception <a 'sun/nio/fs/WindowsException'{0x00000000d577bd30}> (0x00000000d577bd30) 
thrown [s\src\hotspot\share\prims\jni.cpp, line 520]
Event: 5388.690 Thread 0x0000025705d7a240 Exception <a 'sun/nio/fs/WindowsException'{0x00000000d577c898}> (0x00000000d577c898) 
thrown [s\src\hotspot\share\prims\jni.cpp, line 520]
Event: 5391.002 Thread 0x0000025705d7a240 Exception <a 'java/io/FileNotFoundException'{0x00000000d56d04c8}> (0x00000000d56d04c8) 
thrown [s\src\hotspot\share\prims\jni.cpp, line 520]
Event: 5391.656 Thread 0x0000025705d7a240 Exception <a 'java/lang/NoSuchMethodError'{0x00000000d5692730}: 'java.lang.Object java.lang.invoke.DirectMethodHandle$Holder.invokeVirtual(java.lang.Object, java.lang.Object, java.lang.Object, java.lang.Object)'> (0x00000000d5692730) 
thrown [s\src\hotspot\share\interpreter\linkResolver.cpp, line 773]
Event: 5391.912 Thread 0x0000025705d7f100 Exception <a 'java/lang/NoSuchMethodError'{0x00000000d55ac550}: 'java.lang.Object java.lang.invoke.DirectMethodHandle$Holder.invokeStatic(java.lang.Object, long, java.lang.Object, java.lang.Object)'> (0x00000000d55ac550) 
thrown [s\src\hotspot\share\interpreter\linkResolver.cpp, line 773]
Event: 5392.048 Thread 0x0000025705d7f100 Exception <a 'sun/nio/fs/WindowsException'{0x00000000d56593e0}> (0x00000000d56593e0) 
thrown [s\src\hotspot\share\prims\jni.cpp, line 520]
Event: 5392.049 Thread 0x0000025705d7f100 Exception <a 'sun/nio/fs/WindowsException'{0x00000000d565a3e0}> (0x00000000d565a3e0) 
thrown [s\src\hotspot\share\prims\jni.cpp, line 520]
Event: 5392.104 Thread 0x0000025705d7f100 Exception <a 'java/lang/NoSuchMethodError'{0x00000000d56e50f0}: 'void java.lang.invoke.DirectMethodHandle$Holder.invokeStatic(java.lang.Object, java.lang.Object, java.lang.Object, java.lang.Object, java.lang.Object, java.lang.Object, java.lang.Object)'> (0x00000000d56e50f0) 
thrown [s\src\hotspot\share\interpreter\linkResolver.cpp, line 773]
Event: 5395.771 Thread 0x0000025705d7f790 Exception <a 'java/lang/NoSuchMethodError'{0x00000000d571fc30}: 'long java.lang.invoke.DelegatingMethodHandle$Holder.reinvoke_L(java.lang.Object, java.lang.Object)'> (0x00000000d571fc30) 
thrown [s\src\hotspot\share\interpreter\linkResolver.cpp, line 773]
Event: 5395.772 Thread 0x0000025705d7f790 Exception <a 'java/lang/NoSuchMethodError'{0x00000000d5729de0}: 'void java.lang.invoke.DelegatingMethodHandle$Holder.reinvoke_L(java.lang.Object, java.lang.Object, long)'> (0x00000000d5729de0) 
thrown [s\src\hotspot\share\interpreter\linkResolver.cpp, line 773]
Event: 5397.302 Thread 0x0000025705d7f790 Exception <a 'java/lang/NoSuchMethodError'{0x00000000d559b6f8}: 'long java.lang.invoke.Invokers$Holder.invokeExact_MT(java.lang.Object, java.lang.Object, java.lang.Object)'> (0x00000000d559b6f8) 
thrown [s\src\hotspot\share\interpreter\linkResolver.cpp, line 773]
Event: 7273.137 Thread 0x0000025705d7f790 Exception <a 'sun/nio/fs/WindowsException'{0x00000000d5650d98}> (0x00000000d5650d98) 
thrown [s\src\hotspot\share\prims\jni.cpp, line 520]
Event: 7273.148 Thread 0x0000025705d7f790 Exception <a 'sun/nio/fs/WindowsException'{0x00000000d5651678}> (0x00000000d5651678) 
thrown [s\src\hotspot\share\prims\jni.cpp, line 520]

ZGC Phase Switch (0 events):
No events

VM Operations (20 events):
Event: 17068.274 Executing non-safepoint VM operation: RendezvousGCThreads
Event: 17068.274 Executing non-safepoint VM operation: RendezvousGCThreads done
Event: 17970.443 Executing non-safepoint VM operation: HandshakeAllThreads (HandshakeForDeflation)
Event: 17970.448 Executing non-safepoint VM operation: HandshakeAllThreads (HandshakeForDeflation) done
Event: 17970.448 Executing non-safepoint VM operation: RendezvousGCThreads
Event: 17970.448 Executing non-safepoint VM operation: RendezvousGCThreads done
Event: 18074.380 Executing safepoint VM operation: ParallelGCFailedAllocation (Allocation Failure)
Event: 18074.800 Executing safepoint VM operation: ParallelGCFailedAllocation (Allocation Failure) done
Event: 18150.827 Executing non-safepoint VM operation: HandshakeAllThreads (HandshakeForDeflation)
Event: 18150.827 Executing non-safepoint VM operation: HandshakeAllThreads (HandshakeForDeflation) done
Event: 18150.827 Executing non-safepoint VM operation: RendezvousGCThreads
Event: 18150.827 Executing non-safepoint VM operation: RendezvousGCThreads done
Event: 19774.443 Executing non-safepoint VM operation: HandshakeAllThreads (HandshakeForDeflation)
Event: 19774.447 Executing non-safepoint VM operation: HandshakeAllThreads (HandshakeForDeflation) done
Event: 19774.448 Executing non-safepoint VM operation: RendezvousGCThreads
Event: 19774.448 Executing non-safepoint VM operation: RendezvousGCThreads done
Event: 20980.726 Executing non-safepoint VM operation: HandshakeAllThreads (HandshakeForDeflation)
Event: 20980.729 Executing non-safepoint VM operation: HandshakeAllThreads (HandshakeForDeflation) done
Event: 20980.730 Executing non-safepoint VM operation: RendezvousGCThreads
Event: 20980.730 Executing non-safepoint VM operation: RendezvousGCThreads done

Memory protections (0 events):
No events

Nmethod flushes (20 events):
Event: 212.624 Thread 0x000002572397ec10 flushing  nmethod 0x0000025729761d10
Event: 212.624 Thread 0x000002572397ec10 flushing  nmethod 0x000002572977bb90
Event: 212.624 Thread 0x000002572397ec10 flushing  nmethod 0x0000025729781f90
Event: 212.624 Thread 0x000002572397ec10 flushing  nmethod 0x0000025729791110
Event: 212.624 Thread 0x000002572397ec10 flushing  nmethod 0x0000025729792c10
Event: 212.624 Thread 0x000002572397ec10 flushing  nmethod 0x000002572979e410
Event: 212.624 Thread 0x000002572397ec10 flushing  nmethod 0x000002572979f410
Event: 212.624 Thread 0x000002572397ec10 flushing  nmethod 0x00000257297bd690
Event: 212.624 Thread 0x000002572397ec10 flushing  nmethod 0x00000257297cb110
Event: 212.624 Thread 0x000002572397ec10 flushing  nmethod 0x00000257297cbb10
Event: 212.624 Thread 0x000002572397ec10 flushing  nmethod 0x00000257297cc410
Event: 212.624 Thread 0x000002572397ec10 flushing  nmethod 0x00000257297cc990
Event: 212.624 Thread 0x000002572397ec10 flushing  nmethod 0x00000257297cce90
Event: 212.624 Thread 0x000002572397ec10 flushing  nmethod 0x00000257297cd210
Event: 212.624 Thread 0x000002572397ec10 flushing  nmethod 0x00000257297cd810
Event: 212.624 Thread 0x000002572397ec10 flushing  nmethod 0x00000257297ce090
Event: 212.624 Thread 0x000002572397ec10 flushing  nmethod 0x00000257297ce890
Event: 212.624 Thread 0x000002572397ec10 flushing  nmethod 0x00000257297cf590
Event: 212.624 Thread 0x000002572397ec10 flushing  nmethod 0x00000257297d0010
Event: 212.624 Thread 0x000002572397ec10 flushing  nmethod 0x00000257297d0a10

Events (20 events):
Event: 5396.891 Thread 0x0000025705d7f790 Thread added: 0x0000025705d7e3e0
Event: 5397.357 Thread 0x0000025705d7f790 Thread exited: 0x0000025705d7f790
Event: 5444.663 Thread 0x000002573ce2f010 Thread exited: 0x000002573ce2f010
Event: 5448.573 Thread 0x0000025705d7dd50 Thread exited: 0x0000025705d7dd50
Event: 6254.429 Thread 0x000002573ce31770 Thread added: 0x0000025705d7f790
Event: 6254.457 Thread 0x0000025705d7f790 Thread exited: 0x0000025705d7f790
Event: 6959.580 Thread 0x0000025705d7d030 Thread added: 0x0000025705d7f790
Event: 7027.963 Thread 0x0000025705d7d030 Thread exited: 0x0000025705d7d030
Event: 7289.424 Thread 0x0000025705d7f790 Thread added: 0x0000025705d7dd50
Event: 7291.247 Thread 0x0000025705d7dd50 Thread exited: 0x0000025705d7dd50
Event: 7307.065 Thread 0x0000025705d7f790 Thread added: 0x0000025705d7d030
Event: 7307.236 Thread 0x0000025705d7d030 Thread exited: 0x0000025705d7d030
Event: 8919.163 Thread 0x0000025705d79bb0 Thread added: 0x0000025705d7d030
Event: 8919.200 Thread 0x0000025705d7f790 Thread exited: 0x0000025705d7f790
Event: 12901.075 Thread 0x000002573ce31770 Thread added: 0x0000025705d811d0
Event: 12902.404 Thread 0x0000025705d811d0 Thread exited: 0x0000025705d811d0
Event: 12902.416 Thread 0x000002573ce31770 Thread added: 0x0000025705d7dd50
Event: 12904.767 Thread 0x0000025705d7dd50 Thread added: 0x0000025705d811d0
Event: 12966.169 Thread 0x0000025705d811d0 Thread exited: 0x0000025705d811d0
Event: 13104.871 Thread 0x0000025705d7dd50 Thread exited: 0x0000025705d7dd50


Dynamic libraries:
0x00007ff73fae0000 - 0x00007ff73faee000 	c:\Users\Admin\.vscode\extensions\redhat.java-1.54.0-win32-x64\jre\21.0.10-win32-x86_64\bin\java.exe
0x00007ffb1a9c0000 - 0x00007ffb1ac29000 	C:\WINDOWS\SYSTEM32\ntdll.dll
0x00007ffb18880000 - 0x00007ffb18949000 	C:\WINDOWS\System32\KERNEL32.DLL
0x00007ffb17f40000 - 0x00007ffb18333000 	C:\WINDOWS\System32\KERNELBASE.dll
0x00007ffb17ca0000 - 0x00007ffb17deb000 	C:\WINDOWS\System32\ucrtbase.dll
0x00007ffaf8b40000 - 0x00007ffaf8b58000 	c:\Users\Admin\.vscode\extensions\redhat.java-1.54.0-win32-x64\jre\21.0.10-win32-x86_64\bin\jli.dll
0x00007ffb18a90000 - 0x00007ffb18c54000 	C:\WINDOWS\System32\USER32.dll
0x00007ffb18630000 - 0x00007ffb18657000 	C:\WINDOWS\System32\win32u.dll
0x00007ffb193a0000 - 0x00007ffb193cb000 	C:\WINDOWS\System32\GDI32.dll
0x00007ffb18660000 - 0x00007ffb1878d000 	C:\WINDOWS\System32\gdi32full.dll
0x00007ffb17df0000 - 0x00007ffb17e93000 	C:\WINDOWS\System32\msvcp_win.dll
0x00007ffaf8a10000 - 0x00007ffaf8a2e000 	c:\Users\Admin\.vscode\extensions\redhat.java-1.54.0-win32-x64\jre\21.0.10-win32-x86_64\bin\VCRUNTIME140.dll
0x00007ffafcb70000 - 0x00007ffafce03000 	C:\WINDOWS\WinSxS\amd64_microsoft.windows.common-controls_6595b64144ccf1df_6.0.26100.5074_none_3e0d6f78e32fd63f\COMCTL32.dll
0x00007ffb19d00000 - 0x00007ffb19da9000 	C:\WINDOWS\System32\msvcrt.dll
0x00007ffb19310000 - 0x00007ffb1933f000 	C:\WINDOWS\System32\IMM32.DLL
0x00007ffb04fd0000 - 0x00007ffb04fdc000 	c:\Users\Admin\.vscode\extensions\redhat.java-1.54.0-win32-x64\jre\21.0.10-win32-x86_64\bin\vcruntime140_1.dll
0x00007ffad5800000 - 0x00007ffad588d000 	c:\Users\Admin\.vscode\extensions\redhat.java-1.54.0-win32-x64\jre\21.0.10-win32-x86_64\bin\msvcp140.dll
0x00007ffa9dab0000 - 0x00007ffa9e851000 	c:\Users\Admin\.vscode\extensions\redhat.java-1.54.0-win32-x64\jre\21.0.10-win32-x86_64\bin\server\jvm.dll
0x00007ffb195b0000 - 0x00007ffb19664000 	C:\WINDOWS\System32\ADVAPI32.dll
0x00007ffb190f0000 - 0x00007ffb19196000 	C:\WINDOWS\System32\sechost.dll
0x00007ffb18f40000 - 0x00007ffb19058000 	C:\WINDOWS\System32\RPCRT4.dll
0x00007ffb1a900000 - 0x00007ffb1a974000 	C:\WINDOWS\System32\WS2_32.dll
0x00007ffb179b0000 - 0x00007ffb17a0e000 	C:\WINDOWS\SYSTEM32\POWRPROF.dll
0x00007ffb0ad00000 - 0x00007ffb0ad35000 	C:\WINDOWS\SYSTEM32\WINMM.dll
0x00007ffb03a10000 - 0x00007ffb03a1b000 	C:\WINDOWS\SYSTEM32\VERSION.dll
0x00007ffb17990000 - 0x00007ffb179a4000 	C:\WINDOWS\SYSTEM32\UMPDC.dll
0x00007ffb168f0000 - 0x00007ffb1690b000 	C:\WINDOWS\SYSTEM32\kernel.appcore.dll
0x00007ffb01a00000 - 0x00007ffb01a0a000 	c:\Users\Admin\.vscode\extensions\redhat.java-1.54.0-win32-x64\jre\21.0.10-win32-x86_64\bin\jimage.dll
0x00007ffb15440000 - 0x00007ffb15682000 	C:\WINDOWS\SYSTEM32\DBGHELP.DLL
0x00007ffb19db0000 - 0x00007ffb1a12b000 	C:\WINDOWS\System32\combase.dll
0x00007ffb187a0000 - 0x00007ffb18877000 	C:\WINDOWS\System32\OLEAUT32.dll
0x00007ffaffd00000 - 0x00007ffaffd3d000 	C:\WINDOWS\SYSTEM32\dbgcore.DLL
0x00007ffb17ea0000 - 0x00007ffb17f39000 	C:\WINDOWS\System32\bcryptPrimitives.dll
0x00007ffb00fb0000 - 0x00007ffb00fbf000 	c:\Users\Admin\.vscode\extensions\redhat.java-1.54.0-win32-x64\jre\21.0.10-win32-x86_64\bin\instrument.dll
0x00007ffaf8870000 - 0x00007ffaf8890000 	c:\Users\Admin\.vscode\extensions\redhat.java-1.54.0-win32-x64\jre\21.0.10-win32-x86_64\bin\java.dll
0x00007ffb1a130000 - 0x00007ffb1a87d000 	C:\WINDOWS\System32\SHELL32.dll
0x00007ffb18340000 - 0x00007ffb184ac000 	C:\WINDOWS\System32\wintypes.dll
0x00007ffb15790000 - 0x00007ffb15fe9000 	C:\WINDOWS\SYSTEM32\windows.storage.dll
0x00007ffb19670000 - 0x00007ffb19760000 	C:\WINDOWS\System32\SHCORE.dll
0x00007ffb19c90000 - 0x00007ffb19cf2000 	C:\WINDOWS\System32\shlwapi.dll
0x00007ffb17a70000 - 0x00007ffb17a99000 	C:\WINDOWS\SYSTEM32\profapi.dll
0x00007ffaec530000 - 0x00007ffaec548000 	c:\Users\Admin\.vscode\extensions\redhat.java-1.54.0-win32-x64\jre\21.0.10-win32-x86_64\bin\zip.dll
0x00007ffafef60000 - 0x00007ffafef70000 	C:\Users\Admin\.vscode\extensions\redhat.java-1.54.0-win32-x64\jre\21.0.10-win32-x86_64\bin\net.dll
0x00007ffb09bf0000 - 0x00007ffb09d0f000 	C:\WINDOWS\SYSTEM32\WINHTTP.dll
0x00007ffb16e50000 - 0x00007ffb16ebb000 	C:\WINDOWS\system32\mswsock.dll
0x00007ffaeb780000 - 0x00007ffaeb796000 	C:\Users\Admin\.vscode\extensions\redhat.java-1.54.0-win32-x64\jre\21.0.10-win32-x86_64\bin\nio.dll
0x00007ffafce70000 - 0x00007ffafce80000 	c:\Users\Admin\.vscode\extensions\redhat.java-1.54.0-win32-x64\jre\21.0.10-win32-x86_64\bin\verify.dll
0x00007ffad4f20000 - 0x00007ffad4f65000 	C:\Users\Admin\AppData\Roaming\Code\User\globalStorage\redhat.java\1.54.0\config_win\org.eclipse.equinox.launcher\org.eclipse.equinox.launcher.win32.win32.x86_64_1.3.0.v20260203-2149\eclipse_11919.dll
0x00007ffb18da0000 - 0x00007ffb18f38000 	C:\WINDOWS\System32\ole32.dll
0x00007ffb17220000 - 0x00007ffb1723b000 	C:\WINDOWS\SYSTEM32\CRYPTSP.dll
0x00007ffb16850000 - 0x00007ffb1688b000 	C:\WINDOWS\system32\rsaenh.dll
0x00007ffb16ef0000 - 0x00007ffb16f1b000 	C:\WINDOWS\SYSTEM32\USERENV.dll
0x00007ffb17a40000 - 0x00007ffb17a66000 	C:\WINDOWS\SYSTEM32\bcrypt.dll
0x00007ffb17080000 - 0x00007ffb1708c000 	C:\WINDOWS\SYSTEM32\CRYPTBASE.dll
0x00007ffb16440000 - 0x00007ffb16474000 	C:\WINDOWS\SYSTEM32\IPHLPAPI.DLL
0x00007ffb18c60000 - 0x00007ffb18c6a000 	C:\WINDOWS\System32\NSI.dll
0x00007ffad4e80000 - 0x00007ffad4ec9000 	C:\Users\Admin\AppData\Local\Temp\jna-63116079\jna13454003439161479821.dll
0x00007ffb18790000 - 0x00007ffb18798000 	C:\WINDOWS\System32\PSAPI.DLL
0x00007ffb08a30000 - 0x00007ffb08a4e000 	C:\WINDOWS\SYSTEM32\dhcpcsvc6.DLL
0x00007ffb08920000 - 0x00007ffb08943000 	C:\WINDOWS\SYSTEM32\dhcpcsvc.DLL
0x00007ffb00530000 - 0x00007ffb00539000 	C:\Users\Admin\.vscode\extensions\redhat.java-1.54.0-win32-x64\jre\21.0.10-win32-x86_64\bin\extnet.dll

JVMTI agents:
c:\Users\Admin\.vscode\extensions\redhat.java-1.54.0-win32-x64\lombok\lombok-1.18.39-4050.jar path:c:\Users\Admin\.vscode\extensions\redhat.java-1.54.0-win32-x64\jre\21.0.10-win32-x86_64\bin\instrument.dll, loaded, initialized, instrumentlib options:none

dbghelp: loaded successfully - version: 4.0.5 - missing functions: none
symbol engine: initialized successfully - sym options: 0x614 - pdb path: .;c:\Users\Admin\.vscode\extensions\redhat.java-1.54.0-win32-x64\jre\21.0.10-win32-x86_64\bin;C:\WINDOWS\SYSTEM32;C:\WINDOWS\WinSxS\amd64_microsoft.windows.common-controls_6595b64144ccf1df_6.0.26100.5074_none_3e0d6f78e32fd63f;c:\Users\Admin\.vscode\extensions\redhat.java-1.54.0-win32-x64\jre\21.0.10-win32-x86_64\bin\server;C:\Users\Admin\AppData\Roaming\Code\User\globalStorage\redhat.java\1.54.0\config_win\org.eclipse.equinox.launcher\org.eclipse.equinox.launcher.win32.win32.x86_64_1.3.0.v20260203-2149;C:\Users\Admin\AppData\Local\Temp\jna-63116079

VM Arguments:
jvm_args: --add-modules=ALL-SYSTEM --add-opens=java.base/java.util=ALL-UNNAMED --add-opens=java.base/java.lang=ALL-UNNAMED --add-opens=java.base/sun.nio.fs=ALL-UNNAMED -Declipse.application=org.eclipse.jdt.ls.core.id1 -Dosgi.bundles.defaultStartLevel=4 -Declipse.product=org.eclipse.jdt.ls.core.product -Djava.import.generatesMetadataFilesAtProjectRoot=false -DDetectVMInstallationsJob.disabled=true -Dfile.encoding=utf8 -XX:+UseParallelGC -XX:GCTimeRatio=4 -XX:AdaptiveSizePolicyWeight=90 -Dsun.zip.disableMemoryMapping=true -Xmx2G -Xms100m -Xlog:disable -javaagent:c:\Users\Admin\.vscode\extensions\redhat.java-1.54.0-win32-x64\lombok\lombok-1.18.39-4050.jar -XX:+HeapDumpOnOutOfMemoryError -XX:HeapDumpPath=c:\Users\Admin\AppData\Roaming\Code\User\workspaceStorage\eacdcd821caa3b7afe78b9214c909d48\redhat.java -Daether.dependencyCollector.impl=bf 
java_command: c:\Users\Admin\.vscode\extensions\redhat.java-1.54.0-win32-x64\server\plugins\org.eclipse.equinox.launcher_1.7.100.v20251111-0406.jar -configuration c:\Users\Admin\AppData\Roaming\Code\User\globalStorage\redhat.java\1.54.0\config_win -data c:\Users\Admin\AppData\Roaming\Code\User\workspaceStorage\eacdcd821caa3b7afe78b9214c909d48\redhat.java\jdt_ws --pipe=\\.\pipe\lsp-6217b67c5f4ded3d3e07211160f5f943-sock
java_class_path (initial): c:\Users\Admin\.vscode\extensions\redhat.java-1.54.0-win32-x64\server\plugins\org.eclipse.equinox.launcher_1.7.100.v20251111-0406.jar
Launcher Type: SUN_STANDARD

[Global flags]
    uintx AdaptiveSizePolicyWeight                 = 90                                        {product} {command line}
     intx CICompilerCount                          = 2                                         {product} {ergonomic}
    uintx GCTimeRatio                              = 4                                         {product} {command line}
     bool HeapDumpOnOutOfMemoryError               = true                                   {manageable} {command line}
    ccstr HeapDumpPath                             = c:\Users\Admin\AppData\Roaming\Code\User\workspaceStorage\eacdcd821caa3b7afe78b9214c909d48\redhat.java         {manageable} {command line}
   size_t InitialHeapSize                          = 104857600                                 {product} {command line}
   size_t MaxHeapSize                              = 2147483648                                {product} {command line}
   size_t MaxNewSize                               = 715653120                                 {product} {ergonomic}
   size_t MinHeapDeltaBytes                        = 524288                                    {product} {ergonomic}
   size_t MinHeapSize                              = 104857600                                 {product} {command line}
   size_t NewSize                                  = 34603008                                  {product} {ergonomic}
    uintx NonNMethodCodeHeapSize                   = 5826188                                {pd product} {ergonomic}
    uintx NonProfiledCodeHeapSize                  = 122916026                              {pd product} {ergonomic}
   size_t OldSize                                  = 70254592                                  {product} {ergonomic}
    uintx ProfiledCodeHeapSize                     = 122916026                              {pd product} {ergonomic}
    uintx ReservedCodeCacheSize                    = 251658240                              {pd product} {ergonomic}
     bool SegmentedCodeCache                       = true                                      {product} {ergonomic}
   size_t SoftMaxHeapSize                          = 2147483648                             {manageable} {ergonomic}
     bool UseCompressedOops                        = true                           {product lp64_product} {ergonomic}
     bool UseLargePagesIndividualAllocation        = false                                  {pd product} {ergonomic}
     bool UseParallelGC                            = true                                      {product} {command line}

Logging:
Log output configuration:
 #0: stdout all=off uptime,level,tags foldmultilines=false
 #1: stderr all=off uptime,level,tags foldmultilines=false

Release file:
JAVA_VERSION="21.0.10" 
MODULES="java.base java.compiler java.datatransfer java.xml java.prefs java.desktop java.instrument java.logging java.management java.security.sasl java.naming java.rmi java.management.rmi java.net.http java.scripting java.security.jgss java.transaction.xa java.sql java.sql.rowset java.xml.crypto java.se java.smartcardio jdk.accessibility jdk.internal.jvmstat jdk.attach jdk.charsets jdk.internal.opt jdk.zipfs jdk.compiler jdk.crypto.ec jdk.crypto.cryptoki jdk.crypto.mscapi jdk.dynalink jdk.internal.ed jdk.editpad jdk.hotspot.agent jdk.httpserver jdk.internal.le jdk.internal.vm.ci jdk.internal.vm.compiler jdk.internal.vm.compiler.management jdk.jartool jdk.javadoc jdk.jcmd jdk.management jdk.management.agent jdk.jconsole jdk.jdeps jdk.jdwp.agent jdk.jdi jdk.jfr jdk.jshell jdk.jsobject jdk.jstatd jdk.localedata jdk.management.jfr jdk.naming.dns jdk.naming.rmi jdk.net jdk.nio.mapmode jdk.random jdk.sctp jdk.security.auth jdk.security.jgss jdk.unsupported jdk.unsupported.desktop jdk.xml.dom" 

Environment Variables:
JAVA_HOME=C:\Program Files\Java\jdk-21
PATH=C:\Program Files\Java\jdk-21\bin;C:\Program Files\Common Files\Oracle\Java\javapath;C:\WINDOWS\system32;C:\WINDOWS;C:\WINDOWS\System32\Wbem;C:\WINDOWS\System32\WindowsPowerShell\v1.0\;C:\WINDOWS\System32\OpenSSH\;C:\Program Files\nodejs\;C:\Program Files\Git\cmd;C:\MinGw\bin;C:\Users\Admin\AppData\Local\Programs\Microsoft VS Code\bin;C:\Users\Admin\AppData\Roaming\npm;C:\Program Files\Maven\apache-maven-3.9.16\bin;C:\Users\Admin;C:\Users\Admin\AppData\Local\Programs\Microsoft VS Code\bin
USERNAME=Admin
OS=Windows_NT
PROCESSOR_IDENTIFIER=Intel64 Family 6 Model 122 Stepping 1, GenuineIntel
TMP=C:\Users\Admin\AppData\Local\Temp
TEMP=C:\Users\Admin\AppData\Local\Temp




Periodic native trim disabled

---------------  S Y S T E M  ---------------

OS:
 Windows 11 , 64 bit Build 26100 (10.0.26100.5074)
OS uptime: 0 days 17:27 hours
Hyper-V role detected

CPU: total 2 (initial active 2) (2 cores per cpu, 1 threads per core) family 6 model 122 stepping 1 microcode 0x34, cx8, cmov, fxsr, mmx, 3dnowpref, sse, sse2, sse3, ssse3, sse4.1, sse4.2, popcnt, tsc, tscinvbit, aes, erms, clmul, sha, clflush, clflushopt, hv, rdtscp, rdpid
Processor Information for the first 2 processors :
  Max Mhz: 1101, Current Mhz: 1101, Mhz Limit: 1101

Memory: 4k page, system-wide physical 5980M (935M free)
TotalPageFile size 24412M (AvailPageFile size 341M)
current process WorkingSet (physical memory assigned to process): 7M, peak: 345M
current process commit charge ("private bytes"): 571M, peak: 572M

vm_info: OpenJDK 64-Bit Server VM (21.0.10+7-LTS) for windows-amd64 JRE (21.0.10+7-LTS), built on 2026-01-20T00:00:00Z by "admin" with MS VC++ 17.12 (VS2022)

END.
